Control Stream Name: Bellanti_BJCP_2014.ctl
Data File Name: BellantiRun1REP1.csv
Mix File Name: 
Output File Name: BellantiRun1
Table File Name: sdtab
Job Started: Tue Jan 10 14:27:01 2017
Job Completed: Tue Jan 10 14:27:02 2017

**************************************************
Control Stream Contents : Bellanti_BJCP_2014.ctl
**************************************************
;Model Desc: 1 CMT EV LINEAR W/ LAG 
;Project Name: NCAC SIMS
;Author: JK
;QC: 

$PROB RUN# SIM Bellanti

;************************************************************
;****                   DATASET                          ****
;************************************************************
$INPUT C ID TRT TIME TAD DOSE AMT SS II DV MDV EVID CMT SEX

$DATA NMDATA IGNORE=@ ; BELLANTIRUN1REP1

; C:    Comment (Any row starting with a 'C' will be ignored)
; ID:   NONMEM Subject Identification Number 
; TIME: Actual Time Field
; AMT:  Oral Dosage Amount Data Item (mg)
; DV:   Dependent Variable (mg/L)
; EVID: Event Identification (0 = Obs, 1 = Dosing)
; MDV:  Missing Dependent Variable (0 = Value, 1 = Missing)
; ADDL: Additional number of doses given after the first dosing record
; II:   Dosing Interval
; SEX:  GENDER (0 = FEMALE, 1 = MALE)

;************************************************************
;****         PHARMACOKINETIC POPULATION MODEL           ****
;************************************************************

$SUBROUTINE ADVAN2 TRANS2

$PK


TVKA  = THETA(1)            ; POPULATION ABSORPTION CONSTANT
GPKA  = TVKA
PPVKA = EXP(ETA(3))
KA    = GPKA * PPVKA        ; INDIVIDUAL ABSORPTION CONSTANT

TVCL  = THETA(2)            ; POPULATION CLEARANCE
GPCL  = TVCL 
PPVCL = EXP(ETA(1))
CL    = GPCL * PPVCL        ; INDIVIDUAL CLEARANCE

IF(SEX.EQ.0)TVV = THETA(3)  ; FEMALE CENTRAL VOLUME
IF(SEX.EQ.1)TVV = THETA(4)  ; MALE CENTRAL VOLUME  	
GPV   = TVV 
PPVV  = EXP(ETA(2))
V     = GPV * PPVV          ; INDIVIDUAL CENTRAL VOLUME

ALAG1 = THETA(5)            ; LAG TIME INTO ABSORPTION COMPARTMENT

     
;------------------------------------------------------------
;----           TIME AFTER DOSE CALCULATION              ----
;------------------------------------------------------------



;------------------------------------------------------------
;----           SECONDARY MODEL PARAMETERS               ----
;------------------------------------------------------------

   K10  = CL/V
   T12  = 0.693/K10
   MRT  = 1/K10
   AREAF = DOSE/CL ; Doesn't account for bioavailabilty
   AUMC = AREAF*MRT
   VSSF  = V

;------------------------------------------------------------
;----               RESIDUAL ERROR MODEL                 ----
;------------------------------------------------------------
$ERROR

W = 2.4
IPRE=F
Y    = F + W*EPS(1)
IRES = DV-IPRE
IWRE = IRES/IPRE

;************************************************************
;****           INITIAL PARAMETER ESTIMATES              ****
;************************************************************

$THETA
8.2           ; TV KA (1/HR)
30.8          ; CLEARANCE (L/HR) CL
65.3          ; FEMALE VOLUME (L)
78.4          ; MALE VOLUME (L)

.146         ; LAG TIME (1/HR)

$OMEGA BLOCK (2)

.0554        ; [E] BETWEEN SUBJECT VARIABILITY (CL/F)

.0339 0.245  ; [E] BETWEEN SUBJECT VARIABILITY (V/F)

$OMEGA 

.689         ; [E] BETWEEN SUBJECT VARIABILITY (KA)


$SIGMA

.00566       ; [P] PROPORTIONAL RESIDUAL ERROR

;************************************************************
;****        ESTIMATION AND SIMULATION ROUTINES          ****
;************************************************************

$SIM ONLYSIM (3773315)

$TABLE ID TIME SEX II AMT DOSE DV CMT EVID PRED MDV IWRE IRES
IPRE CL V T12 MRT AREAF AUMC VSSF ETA1 ETA2 ETA3  
NOPRINT ONEHEADER FILE=sdtab


Tue Jan 10 14:27:02 EST 2017
;Model Desc: 1 CMT EV LINEAR W/ LAG 
;Project Name: NCAC SIMS
;Author: JK
;QC: 

$PROB RUN# SIM Bellanti

;************************************************************
;****                   DATASET                          ****
;************************************************************
$INPUT C ID TRT TIME TAD DOSE AMT SS II DV MDV EVID CMT SEX

$DATA NMDATA IGNORE=@ ; BELLANTIRUN1REP1

; C:    Comment (Any row starting with a 'C' will be ignored)
; ID:   NONMEM Subject Identification Number 
; TIME: Actual Time Field
; AMT:  Oral Dosage Amount Data Item (mg)
; DV:   Dependent Variable (mg/L)
; EVID: Event Identification (0 = Obs, 1 = Dosing)
; MDV:  Missing Dependent Variable (0 = Value, 1 = Missing)
; ADDL: Additional number of doses given after the first dosing record
; II:   Dosing Interval
; SEX:  GENDER (0 = FEMALE, 1 = MALE)

;************************************************************
;****         PHARMACOKINETIC POPULATION MODEL           ****
;************************************************************

$SUBROUTINE ADVAN2 TRANS2

$PK


TVKA  = THETA(1)            ; POPULATION ABSORPTION CONSTANT
GPKA  = TVKA
PPVKA = EXP(ETA(3))
KA    = GPKA * PPVKA        ; INDIVIDUAL ABSORPTION CONSTANT

TVCL  = THETA(2)            ; POPULATION CLEARANCE
GPCL  = TVCL 
PPVCL = EXP(ETA(1))
CL    = GPCL * PPVCL        ; INDIVIDUAL CLEARANCE

IF(SEX.EQ.0)TVV = THETA(3)  ; FEMALE CENTRAL VOLUME
IF(SEX.EQ.1)TVV = THETA(4)  ; MALE CENTRAL VOLUME  	
GPV   = TVV 
PPVV  = EXP(ETA(2))
V     = GPV * PPVV          ; INDIVIDUAL CENTRAL VOLUME

ALAG1 = THETA(5)            ; LAG TIME INTO ABSORPTION COMPARTMENT

     
;------------------------------------------------------------
;----           TIME AFTER DOSE CALCULATION              ----
;------------------------------------------------------------



;------------------------------------------------------------
;----           SECONDARY MODEL PARAMETERS               ----
;------------------------------------------------------------

   K10  = CL/V
   T12  = 0.693/K10
   MRT  = 1/K10
   AREAF = DOSE/CL ; Doesn't account for bioavailabilty
   AUMC = AREAF*MRT
   VSSF  = V

;------------------------------------------------------------
;----               RESIDUAL ERROR MODEL                 ----
;------------------------------------------------------------
$ERROR

W = 2.4
IPRE=F
Y    = F + W*EPS(1)
IRES = DV-IPRE
IWRE = IRES/IPRE

;************************************************************
;****           INITIAL PARAMETER ESTIMATES              ****
;************************************************************

$THETA
8.2           ; TV KA (1/HR)
30.8          ; CLEARANCE (L/HR) CL
65.3          ; FEMALE VOLUME (L)
78.4          ; MALE VOLUME (L)

.146         ; LAG TIME (1/HR)

$OMEGA BLOCK (2)

.0554        ; [E] BETWEEN SUBJECT VARIABILITY (CL/F)

.0339 0.245  ; [E] BETWEEN SUBJECT VARIABILITY (V/F)

$OMEGA 

.689         ; [E] BETWEEN SUBJECT VARIABILITY (KA)


$SIGMA

.00566       ; [P] PROPORTIONAL RESIDUAL ERROR

;************************************************************
;****        ESTIMATION AND SIMULATION ROUTINES          ****
;************************************************************

$SIM ONLYSIM (3773315)

$TABLE ID TIME SEX II AMT DOSE DV CMT EVID PRED MDV IWRE IRES
IPRE CL V T12 MRT AREAF AUMC VSSF ETA1 ETA2 ETA3  
NOPRINT ONEHEADER FILE=sdtab




NONLINEAR MIXED EFFECTS MODEL PROGRAM (NONMEM)    DOUBLE PRECISION NONMEM    VERSION VI LEVEL 1.0  
DEVELOPED AND PROGRAMMED BY STUART BEAL AND LEWIS SHEINER

PROBLEM NO.:         1
RUN# SIM Bellanti                                                       

DATA CHECKOUT RUN:              NO 
DATA SET LOCATED ON UNIT NO.:    2
THIS UNIT TO BE REWOUND:        NO 
NO. OF DATA RECS IN DATA SET:  990
NO. OF DATA ITEMS IN DATA SET:  14
ID DATA ITEM IS DATA ITEM NO.:   2
DEP VARIABLE IS DATA ITEM NO.:  10
MDV DATA ITEM IS DATA ITEM NO.: 11

INDICES PASSED TO SUBROUTINE PRED:
12  4  7  0  8  9 13  0  0
 0  0

LABELS FOR DATA ITEMS:
   C      ID     TRT    TIME     TAD    DOSE     AMT      SS      II
  DV     MDV    EVID     CMT     SEX

(NONBLANK) LABELS FOR PRED-DEFINED ITEMS:
  CL       V     T12     MRT    AREA    AUMC    VSSF    IPRE    IRES
IWRE

FORMAT FOR DATA:
(E2.0,E3.0,E2.0,2E6.0,2E5.0,7E2.0)                                              

TOT. NO. OF OBS RECS:     935
TOT. NO. OF INDIVIDUALS:   55

LENGTH OF THETA:  5

OMEGA HAS BLOCK FORM:
 1
 1  1
 0  0  2

SIGMA HAS SIMPLE DIAGONAL FORM WITH DIMENSION:  1

INITIAL ESTIMATE OF THETA:
  0.8200E+01  0.3080E+02  0.6530E+02  0.7840E+02  0.1460E+00

INITIAL ESTIMATE OF OMEGA:
BLOCK SET NO.   BLOCK                                                                    FIXED
       1                                                                                   NO 
                 0.5540E-01
                 0.3390E-01   0.2450E+00
       2                                                                                   NO 
                 0.6890E+00

INITIAL ESTIMATE OF SIGMA:
0.5660E-02

SIMULATION STEP OMITTED:    NO 
OBJ FUNC EVALUATED:         NO 
SOURCE  1:
   SEED1:       3773315   SEED2:             0   PSEUDO-NORMAL       

TABLES STEP OMITTED:    NO 
NO. OF TABLES:           1

-- TABLE  1 --
PRINTED:                NO 
HEADERS:               ONE
FILE TO BE FORWARDED:   NO 

USER-CHOSEN ITEMS 
IN THE ORDER THEY WILL APPEAR IN THE TABLE:
  ID    TIME     SEX      II     AMT    DOSE      DV     CMT    EVID     MDV    IWRE    IRES    IPRE      CL       V
 T12     MRT    AREA    AUMC    VSSF    ETA1    ETA2    ETA3
DOUBLE PRECISION PREDPP VERSION V LEVEL 1.0  

ONE COMPARTMENT MODEL WITH FIRST-ORDER ABSORPTION (ADVAN2)

MAXIMUM NO. OF BASIC PK PARAMETERS:   3

BASIC PK PARAMETERS (AFTER TRANSLATION):
  ELIMINATION RATE (K) IS BASIC PK PARAMETER NO.:  1
  ABSORPTION RATE (KA) IS BASIC PK PARAMETER NO.:  3

TRANSLATOR WILL CONVERT PARAMETERS 
CLEARANCE (CL) AND VOLUME (V) TO K (TRANS2)

COMPARTMENT ATTRIBUTES 
COMPT. NO.   FUNCTION   INITIAL    ON/OFF      DOSE      DEFAULT    DEFAULT
                        STATUS     ALLOWED    ALLOWED    FOR DOSE   FOR OBS.
   1         DEPOT        OFF        YES        YES        YES        NO 
   2         CENTRAL      ON         NO         YES        NO         YES
   3         OUTPUT       OFF        YES        NO         NO         NO 

ADDITIONAL PK PARAMETERS - ASSIGNMENT OF ROWS IN GG
COMPT. NO.                             INDICES
             SCALE      BIOAVAIL.   ZERO-ORDER  ZERO-ORDER  ABSORB
                        FRACTION    RATE        DURATION    LAG  
   1           *           *           *           *           4
   2           *           *           *           *           *
   3           *           -           -           -           -
            - PARAMETER IS NOT ALLOWED FOR THIS MODEL
            * PARAMETER IS NOT SUPPLIED BY PK SUBROUTINE;
              WILL DEFAULT TO ONE IF APPLICABLE

DATA ITEM INDICES USED BY PRED ARE:
  EVENT ID DATA ITEM IS DATA ITEM NO.:     12
  TIME DATA ITEM IS DATA ITEM NO.:          4
  DOSE AMOUNT DATA ITEM IS DATA ITEM NO.:   7
  STEADY STATE DATA ITEM IS DATA ITEM NO.:  8
  INTERVAL DATA ITEM IS DATA ITEM NO.:      9
  COMPT. NO. DATA ITEM IS DATA ITEM NO.:   13


PK SUBROUTINE CALLED WITH EVERY EVENT RECORD.
PK SUBROUTINE NOT CALLED AT NONEVENT (ADDITIONAL OR LAGGED) DOSE TIMES.

ERROR SUBROUTINE CALLED WITH EVERY EVENT RECORD.

SIMULATION STEP PERFORMED
SOURCE  1:
   SEED1:    2145249157   SEED2:    1070423168
Tue Jan 10 14:27:02 EST 2017
