Control Stream Name: Lindemalm_BMCP_2005.ctl
Data File Name: LindemalmRun1REP1.csv
Mix File Name: 
Output File Name: LindemalmRun1
Table File Name: sdtab
Job Started: Thu Jan 12 11:08:02 2017
Job Completed: Thu Jan 12 11:08:03 2017

**************************************************
Control Stream Contents : Lindemalm_BMCP_2005.ctl
**************************************************
;Model Desc: 3 CMT EV LINEAR  
;Project Name: NCAC SIMS
;Author: JK
;QC: 
;Compound: Cladribine

$PROB RUN# SIM Lindemalm SC Route

;************************************************************
;****                   DATASET                          ****
;************************************************************
$INPUT C ID TRT TIME TAD DOSE AMT SS II DV MDV EVID CMT

$DATA NMDATA IGNORE=@ ; NMDATA = LINDEMALMRUN1REP1

; C:    Comment (Any row starting with a 'C' will be ignored)
; ID:   NONMEM Subject Identification Number 
; TIME: Actual Time Field
; AMT:  Subcutaneous Dosage Amount Data Item (mg)
; DV:   Dependent Variable (mg/L)
; EVID: Event Identification (0 = Obs, 1 = Dosing)
; MDV:  Missing Dependent Variable (0 = Value, 1 = Missing)
; ADDL: Additional number of doses given after the first dosing record
; II:   Dosing Interval
; F:    Bioavailabilty = 1 for SC Route

;************************************************************
;****         PHARMACOKINETIC POPULATION MODEL           ****
;************************************************************

$SUBROUTINE ADVAN12 TRANS4

$PK

TVCL   = THETA(1)                       ; POPULATION CLEARANCE
GPCL   = TVCL                           ; GROUP CLEARANCE
PPVCL  = EXP(ETA(1))                    ; BSV CLEARANCE
CL     = GPCL * PPVCL                   ; INDIVIDUAL CLEARANCE

TVV2   = THETA(2)                       ; POPULATION CENTRAL VOLUME
GPV2   = TVV2                           ; GROUP CENTRAL VOLUME WT
PPVV2  = EXP(ETA(2))
V2     = GPV2 * PPVV2                   ; INDIVIDUAL CENTRAL VOLUME

TVQ3   = THETA(3)                       ; POPULATION INTERCOMPARTMENTAL CLEARANCE 2 
GPQ3   = TVQ3                           ; GROUP INTERCOMPARTMENTAL CLEARANCE 2 WT
PPVQ3  = EXP(ETA(3))                    ; BSV INTERCOMPARTMENTAL CLEARANCE 2 WT
Q3     = GPQ3 * PPVQ3                   ; INDIVIDUAL INTERCOMPARTMENTAL CLEARANCE 2

TVV3   = THETA(4)                       ; POPULATION VOLUME 2
GPV3   = TVV3                           ; GROUP VOLUME 2 WT
PPVV3  = EXP(ETA(4))
V3     = GPV3 * PPVV3                   ; INDIVIDUAL VOLUME 2

TVQ4   = THETA(5)                       ; POPULATION INTERCOMPARTMENTAL CLEARANCE 3
GPQ4   = TVQ4                           ; GROUP INTERCOMPARTMENTAL CLEARANCE 3 WT
PPVQ4  = EXP(ETA(5))                    ; BSV INTERCOMPARTMENTAL CLEARANCE 3 WT
Q4     = GPQ4 * PPVQ4                   ; INDIVIDUAL INTERCOMPARTMENTAL CLEARANCE 3	

TVV4   = THETA(6)                       ; POPULATION VOLUME 3
GPV4   = TVV4                           ; GROUP VOLUME 3 WT
PPVV4  = EXP(ETA(6))                    ; BSV VOLUME 3 WT
V4     = GPV4 * PPVV4                   ; INDIVIDUAL VOLUME 3

TVKA   = THETA(7)                       ; POPULATION SC KA (ABSORPTION RATE CONSTANT)
GPKA   = TVKA                           ; GROUP SC KA
KA     = GPKA                           ; INDIVIDUAL SC KA

     
;------------------------------------------------------------
;----           TIME AFTER DOSE CALCULATION              ----
;------------------------------------------------------------



;------------------------------------------------------------
;----           SECONDARY MODEL PARAMETERS               ----
;------------------------------------------------------------

K10 = CL/V2
K12 = Q3/V2
K21 = Q3/V3
K13 = Q4/V2
K31 = Q4/V4

A0 = K10 * K21 * K31
A1 = K10 * K31 + K21 * K31 + K21 * K13 + K10 * K21 + K31 * K12
A2 = K10 + K12 + K13 + K21 + K31
  
PPAR = A1 - (A2 * A2 / 3)
QPAR = (2 * A2 * A2 * A2 / 27) - (A1 * A2 / 3) + A0
G1 = SQRT(-(PPAR * PPAR * PPAR) / 27)
PHI = ACOS((-QPAR/2) / G1)/3
G2 = 2 * EXP(LOG(G1) / 3)
PI = 4 * ATAN(1)
  
RT1 = -(COS(PHI) * G2 - A2 / 3)
RT2 = -(COS(PHI + 2 * PI/3) * G2 - A2 / 3)
RT3 = -(COS(PHI + 4 * PI/3) * G2 - A2 / 3)
  
IF(RT1.LT.RT2.AND.RT1.LT.RT3) L3 = RT1
IF(RT2.LT.RT1.AND.RT2.LT.RT3) L3 = RT2
IF(RT3.LT.RT1.AND.RT3.LT.RT2) L3 = RT3

    T12 = 0.693/L3
    MRT = 1/L3
    AREA = DOSE/CL
    AUMC = AREA*MRT
    VSS = V2 + V3 + V4
   
;------------------------------------------------------------
;----               RESIDUAL ERROR MODEL                 ----
;------------------------------------------------------------
$ERROR

IPRE = F
Y    = F + F*EPS(1)
IRES = DV-IPRE
IWRE = IRES/IPRE

;************************************************************
;****           INITIAL PARAMETER ESTIMATES              ****
;************************************************************

$THETA
39.3                    ; CLEARANCE (L/HR)
71.7                    ; CENTRAL VOLUME (L) 
51.1                    ; INTERCOMPARTMENTAL CLEARANCE 2 (L/HR)
475                     ; PERIPHERAL VOLUME 2 (L)
05                     ; INTERCOMPARTMENTAL CLEARANCE 3 (L/HR)
73.6                    ; PERIPHERAL VOLUME 3 (L)
2.48                    ; KA SC ABSORPTION RATE CONSTANT (1/HR)

$OMEGA

.226                   ; [E] BETWEEN SUBJECT VARIABILITY (CL)

.109                   ; [E] BETWEEN SUBJECT VARIABILITY (V2)

.316                   ; [E] BETWEEN SUBJECT VARIABILITY (Q3)

.399                   ; [E] BETWEEN SUBJECT VARIABILITY (V3)

.316                   ; [E] BETWEEN SUBJECT VARIABILITY (Q4)

.316                   ; [E] BETWEEN SUBJECT VARIABILITY (V4)

$SIGMA

.162                   ; [P] PROPORTIONAL RESIDUAL ERROR

;************************************************************
;****        ESTIMATION AND SIMULATION ROUTINES          ****
;************************************************************

$SIM ONLYSIM (5471207)

$TABLE                                       ; STANDARD TABLE
      ID TIME II AMT DOSE DV CMT EVID PRED MDV IWRE IRES
      IPRE CL V2 Q3 V3 Q4 V4 KA T12 MRT AUMC VSS AREA
      ETA1 ETA2 ETA3 ETA4 ETA5 ETA6 
      NOPRINT ONEHEADER FILE=sdtab
Thu Jan 12 11:08:03 EST 2017
;Model Desc: 3 CMT EV LINEAR  
;Project Name: NCAC SIMS
;Author: JK
;QC: 
;Compound: Cladribine

$PROB RUN# SIM Lindemalm SC Route

;************************************************************
;****                   DATASET                          ****
;************************************************************
$INPUT C ID TRT TIME TAD DOSE AMT SS II DV MDV EVID CMT

$DATA NMDATA IGNORE=@ ; NMDATA = LINDEMALMRUN1REP1

; C:    Comment (Any row starting with a 'C' will be ignored)
; ID:   NONMEM Subject Identification Number 
; TIME: Actual Time Field
; AMT:  Subcutaneous Dosage Amount Data Item (mg)
; DV:   Dependent Variable (mg/L)
; EVID: Event Identification (0 = Obs, 1 = Dosing)
; MDV:  Missing Dependent Variable (0 = Value, 1 = Missing)
; ADDL: Additional number of doses given after the first dosing record
; II:   Dosing Interval
; F:    Bioavailabilty = 1 for SC Route

;************************************************************
;****         PHARMACOKINETIC POPULATION MODEL           ****
;************************************************************

$SUBROUTINE ADVAN12 TRANS4

$PK

TVCL   = THETA(1)                       ; POPULATION CLEARANCE
GPCL   = TVCL                           ; GROUP CLEARANCE
PPVCL  = EXP(ETA(1))                    ; BSV CLEARANCE
CL     = GPCL * PPVCL                   ; INDIVIDUAL CLEARANCE

TVV2   = THETA(2)                       ; POPULATION CENTRAL VOLUME
GPV2   = TVV2                           ; GROUP CENTRAL VOLUME WT
PPVV2  = EXP(ETA(2))
V2     = GPV2 * PPVV2                   ; INDIVIDUAL CENTRAL VOLUME

TVQ3   = THETA(3)                       ; POPULATION INTERCOMPARTMENTAL CLEARANCE 2 
GPQ3   = TVQ3                           ; GROUP INTERCOMPARTMENTAL CLEARANCE 2 WT
PPVQ3  = EXP(ETA(3))                    ; BSV INTERCOMPARTMENTAL CLEARANCE 2 WT
Q3     = GPQ3 * PPVQ3                   ; INDIVIDUAL INTERCOMPARTMENTAL CLEARANCE 2

TVV3   = THETA(4)                       ; POPULATION VOLUME 2
GPV3   = TVV3                           ; GROUP VOLUME 2 WT
PPVV3  = EXP(ETA(4))
V3     = GPV3 * PPVV3                   ; INDIVIDUAL VOLUME 2

TVQ4   = THETA(5)                       ; POPULATION INTERCOMPARTMENTAL CLEARANCE 3
GPQ4   = TVQ4                           ; GROUP INTERCOMPARTMENTAL CLEARANCE 3 WT
PPVQ4  = EXP(ETA(5))                    ; BSV INTERCOMPARTMENTAL CLEARANCE 3 WT
Q4     = GPQ4 * PPVQ4                   ; INDIVIDUAL INTERCOMPARTMENTAL CLEARANCE 3	

TVV4   = THETA(6)                       ; POPULATION VOLUME 3
GPV4   = TVV4                           ; GROUP VOLUME 3 WT
PPVV4  = EXP(ETA(6))                    ; BSV VOLUME 3 WT
V4     = GPV4 * PPVV4                   ; INDIVIDUAL VOLUME 3

TVKA   = THETA(7)                       ; POPULATION SC KA (ABSORPTION RATE CONSTANT)
GPKA   = TVKA                           ; GROUP SC KA
KA     = GPKA                           ; INDIVIDUAL SC KA

     
;------------------------------------------------------------
;----           TIME AFTER DOSE CALCULATION              ----
;------------------------------------------------------------



;------------------------------------------------------------
;----           SECONDARY MODEL PARAMETERS               ----
;------------------------------------------------------------

K10 = CL/V2
K12 = Q3/V2
K21 = Q3/V3
K13 = Q4/V2
K31 = Q4/V4

A0 = K10 * K21 * K31
A1 = K10 * K31 + K21 * K31 + K21 * K13 + K10 * K21 + K31 * K12
A2 = K10 + K12 + K13 + K21 + K31
  
PPAR = A1 - (A2 * A2 / 3)
QPAR = (2 * A2 * A2 * A2 / 27) - (A1 * A2 / 3) + A0
G1 = SQRT(-(PPAR * PPAR * PPAR) / 27)
PHI = ACOS((-QPAR/2) / G1)/3
G2 = 2 * EXP(LOG(G1) / 3)
PI = 4 * ATAN(1)
  
RT1 = -(COS(PHI) * G2 - A2 / 3)
RT2 = -(COS(PHI + 2 * PI/3) * G2 - A2 / 3)
RT3 = -(COS(PHI + 4 * PI/3) * G2 - A2 / 3)
  
IF(RT1.LT.RT2.AND.RT1.LT.RT3) L3 = RT1
IF(RT2.LT.RT1.AND.RT2.LT.RT3) L3 = RT2
IF(RT3.LT.RT1.AND.RT3.LT.RT2) L3 = RT3

    T12 = 0.693/L3
    MRT = 1/L3
    AREA = DOSE/CL
    AUMC = AREA*MRT
    VSS = V2 + V3 + V4
   
;------------------------------------------------------------
;----               RESIDUAL ERROR MODEL                 ----
;------------------------------------------------------------
$ERROR

IPRE = F
Y    = F + F*EPS(1)
IRES = DV-IPRE
IWRE = IRES/IPRE

;************************************************************
;****           INITIAL PARAMETER ESTIMATES              ****
;************************************************************

$THETA
39.3                    ; CLEARANCE (L/HR)
71.7                    ; CENTRAL VOLUME (L) 
51.1                    ; INTERCOMPARTMENTAL CLEARANCE 2 (L/HR)
475                     ; PERIPHERAL VOLUME 2 (L)
05                     ; INTERCOMPARTMENTAL CLEARANCE 3 (L/HR)
73.6                    ; PERIPHERAL VOLUME 3 (L)
2.48                    ; KA SC ABSORPTION RATE CONSTANT (1/HR)

$OMEGA

.226                   ; [E] BETWEEN SUBJECT VARIABILITY (CL)

.109                   ; [E] BETWEEN SUBJECT VARIABILITY (V2)

.316                   ; [E] BETWEEN SUBJECT VARIABILITY (Q3)

.399                   ; [E] BETWEEN SUBJECT VARIABILITY (V3)

.316                   ; [E] BETWEEN SUBJECT VARIABILITY (Q4)

.316                   ; [E] BETWEEN SUBJECT VARIABILITY (V4)

$SIGMA

.162                   ; [P] PROPORTIONAL RESIDUAL ERROR

;************************************************************
;****        ESTIMATION AND SIMULATION ROUTINES          ****
;************************************************************

$SIM ONLYSIM (5471207)

$TABLE                                       ; STANDARD TABLE
      ID TIME II AMT DOSE DV CMT EVID PRED MDV IWRE IRES
      IPRE CL V2 Q3 V3 Q4 V4 KA T12 MRT AUMC VSS AREA
      ETA1 ETA2 ETA3 ETA4 ETA5 ETA6 
      NOPRINT ONEHEADER FILE=sdtab


NONLINEAR MIXED EFFECTS MODEL PROGRAM (NONMEM)    DOUBLE PRECISION NONMEM    VERSION VI LEVEL 1.0  
DEVELOPED AND PROGRAMMED BY STUART BEAL AND LEWIS SHEINER

PROBLEM NO.:         1
RUN# SIM Lindemalm SC Route                                             

DATA CHECKOUT RUN:              NO 
DATA SET LOCATED ON UNIT NO.:    2
THIS UNIT TO BE REWOUND:        NO 
NO. OF DATA RECS IN DATA SET: 1288
NO. OF DATA ITEMS IN DATA SET:  13
ID DATA ITEM IS DATA ITEM NO.:   2
DEP VARIABLE IS DATA ITEM NO.:  10
MDV DATA ITEM IS DATA ITEM NO.: 11

INDICES PASSED TO SUBROUTINE PRED:
12  4  7  0  8  9 13  0  0
 0  0

LABELS FOR DATA ITEMS:
   C      ID     TRT    TIME     TAD    DOSE     AMT      SS      II
  DV     MDV    EVID     CMT

(NONBLANK) LABELS FOR PRED-DEFINED ITEMS:
  CL      V2      Q3      V3      Q4      V4      KA     T12     MRT
AREA    AUMC     VSS    IPRE    IRES    IWRE

FORMAT FOR DATA:
(E2.0,E4.0,E2.0,2E7.0,2E3.0,6E2.0)                                              

TOT. NO. OF OBS RECS:    1127
TOT. NO. OF INDIVIDUALS:  161

LENGTH OF THETA:  7

OMEGA HAS SIMPLE DIAGONAL FORM WITH DIMENSION:  6

SIGMA HAS SIMPLE DIAGONAL FORM WITH DIMENSION:  1

INITIAL ESTIMATE OF THETA:
  0.3930E+02  0.7170E+02  0.5110E+02  0.4750E+03  0.1050E+03  0.7360E+02  0.2480E+01

INITIAL ESTIMATE OF OMEGA:
0.2260E+00
0.0000E+00   0.1090E+00
0.0000E+00   0.0000E+00   0.3160E+00
0.0000E+00   0.0000E+00   0.0000E+00   0.3990E+00
0.0000E+00   0.0000E+00   0.0000E+00   0.0000E+00   0.3160E+00
0.0000E+00   0.0000E+00   0.0000E+00   0.0000E+00   0.0000E+00   0.3160E+00

INITIAL ESTIMATE OF SIGMA:
0.1620E+00

SIMULATION STEP OMITTED:    NO 
OBJ FUNC EVALUATED:         NO 
SOURCE  1:
   SEED1:       5471207   SEED2:             0   PSEUDO-NORMAL       

TABLES STEP OMITTED:    NO 
NO. OF TABLES:           1

-- TABLE  1 --
PRINTED:                NO 
HEADERS:               ONE
FILE TO BE FORWARDED:   NO 

USER-CHOSEN ITEMS 
IN THE ORDER THEY WILL APPEAR IN THE TABLE:
  ID    TIME      II     AMT    DOSE      DV     CMT    EVID     MDV    IWRE    IRES    IPRE      CL      V2      Q3
  V3      Q4      V4      KA     T12     MRT    AUMC     VSS    AREA    ETA1    ETA2    ETA3    ETA4    ETA5    ETA6
DOUBLE PRECISION PREDPP VERSION V LEVEL 1.0  

THREE COMPARTMENT MODEL WITH FIRST-ORDER ABSORPTION (ADVAN12)

MAXIMUM NO. OF BASIC PK PARAMETERS:   7

BASIC PK PARAMETERS (AFTER TRANSLATION):
  BASIC PK PARAMETER NO.  1: ELIMINATION RATE (K)
  BASIC PK PARAMETER NO.  2: CENTRAL-TO-PERIPH1 RATE (K23)
  BASIC PK PARAMETER NO.  3: PERIPH1-TO-CENTRAL RATE (K32)
  BASIC PK PARAMETER NO.  4: CENTRAL-TO-PERIPH2 RATE (K24)
  BASIC PK PARAMETER NO.  5: PERIPH2-TO-CENTRAL RATE (K42)
  BASIC PK PARAMETER NO.  7: ABSORPTION RATE (KA)
TRANSLATOR WILL CONVERT PARAMETERS 
CL, V2, Q3, V3, Q4, V4 TO K, K23, K32, K24, K42 (TRANS4)

COMPARTMENT ATTRIBUTES 
COMPT. NO.   FUNCTION   INITIAL    ON/OFF      DOSE      DEFAULT    DEFAULT
                        STATUS     ALLOWED    ALLOWED    FOR DOSE   FOR OBS.
   1         DEPOT        OFF        YES        YES        YES        NO 
   2         CENTRAL      ON         NO         YES        NO         YES
   3         PERIPH1      ON         NO         YES        NO         NO 
   4         PERIPH2      ON         NO         YES        NO         NO 
   5         OUTPUT       OFF        YES        NO         NO         NO 

ADDITIONAL PK PARAMETERS - ASSIGNMENT OF ROWS IN GG
COMPT. NO.                             INDICES
             SCALE      BIOAVAIL.   ZERO-ORDER  ZERO-ORDER  ABSORB
                        FRACTION    RATE        DURATION    LAG  
   1           *           *           *           *           *
   2           *           *           *           *           *
   3           *           *           *           *           *
   4           *           *           *           *           *
   5           *           -           -           -           -
            - PARAMETER IS NOT ALLOWED FOR THIS MODEL
            * PARAMETER IS NOT SUPPLIED BY PK SUBROUTINE;
              WILL DEFAULT TO ONE IF APPLICABLE

DATA ITEM INDICES USED BY PRED ARE:
  EVENT ID DATA ITEM IS DATA ITEM NO.:     12
  TIME DATA ITEM IS DATA ITEM NO.:          4
  DOSE AMOUNT DATA ITEM IS DATA ITEM NO.:   7
  STEADY STATE DATA ITEM IS DATA ITEM NO.:  8
  INTERVAL DATA ITEM IS DATA ITEM NO.:      9
  COMPT. NO. DATA ITEM IS DATA ITEM NO.:   13


PK SUBROUTINE CALLED WITH EVERY EVENT RECORD.
PK SUBROUTINE NOT CALLED AT NONEVENT (ADDITIONAL OR LAGGED) DOSE TIMES.

ERROR SUBROUTINE CALLED WITH EVERY EVENT RECORD.

SIMULATION STEP PERFORMED
SOURCE  1:
   SEED1:    1842274713   SEED2:             0
Thu Jan 12 11:08:03 EST 2017
