Control Stream Name: Chen_JCP_2014.ctl
Data File Name: ChenJCPRUN1REP1.csv
Mix File Name: 
Output File Name: ChenRun1
Table File Name: sdtab
Job Started: Tue Jan 10 14:20:01 2017
Job Completed: Tue Jan 10 14:20:03 2017

**************************************************
Control Stream Contents : Chen_JCP_2014.ctl
**************************************************
;Model Desc: 3 CMT IV NONLINEAR  
;Project Name: NCAC SIMS
;Author: JK
;QC: BM
;--> I think you'll either need to include a scaling factor or convert to ug for 
;    the dose in your simulation dataset
;--> Not sure if the non-linear equations are right for compartment two - for the 
;    movement of drug from V2 into V1, it looks like C1 is in the denominator. Should 
;    it be C2? Likewise, should C2 be in the demoninator for drug leaving V2? May
;    just have to write the equations out in your differential
; JK Scaling added for V1
; Made 2 distributional clearances (Q1A and Q1B) for drug to and from V1 to V2

$PROB RUN# SIM CHEN

;************************************************************
;****                   DATASET                          ****
;************************************************************
$INPUT C ID TRT TIME TAD DOSE AMT DUR RATE SS II DV MDV EVID CMT ALB

$DATA  NMDATA IGNORE=@ ; NMDATA = ChenJCPRUN1REP1.csv

; C:    Comment (Any row starting with a 'C' will be ignored)
; ID:   NONMEM Subject Identification Number 
; TIME: Actual Time Field
; AMT:  Intravenous Dosage Amount Data Item (mg)
; DV:   Dependent Variable (ug/L)
; EVID: Event Identification (0 = Obs, 1 = Dosing)
; MDV:  Missing Dependent Variable (0 = Value, 1 = Missing)
; ADDL: Additional number of doses given after the first dosing record
; II:   Dosing Interval
; DUR:  Duration of infustion (h)
; RATE: Rate of infusion (mg/h) 0.5 hour infusion (Rate = 2x Dose)
; ALB:  Albumin level (g/dL)


;************************************************************
;****         PHARMACOKINETIC POPULATION MODEL           ****
;************************************************************

$SUBROUTINE ADVAN6 TOL=3

$MODEL NCOMPARTMENTS=3
NPARAMETERS=14
COMP (CENTRAL, DEFDOSE, DEFOBS)
COMP (PERIF1 NOOFF NODOSE)
COMP (PERIF2 NOOFF NODOSE)

$PK

   TVVMEL  = THETA(1)                       ; POPULATION CENTRAL MAX ELIMINATION
   GPVMEL  = TVVMEL * ((ALB/3.9)**THETA(9)) ; GRP VMEL
   PPVMEL  = EXP(ETA(1))                    ; BSV VMEL
   VMEL    = GPVMEL * PPVMEL                ; INDIVIDUAL VMEL

   TVKMEL  = THETA(2)                       ; POPULATION CONC @ 50% OF VMEL
   GPKMEL  = TVKMEL                         ; GRP KMEL
   KMEL    = GPKMEL                         ; INDIVIDUAL KMEL

   TVV1    = THETA(3)                       ; POPULATION CENTRAL VOLUME
   GPV1    = TVV1                           ; GROUP CENTRAL VOLUME WT
   PPVV1   = EXP(ETA(2))
   V1      = GPV1 * PPVV1                   ; INDIVIDUAL CENTRAL VOLUME

   TVVMTR  = THETA(4)                       ; POPULATION INTERCMT MAX DISTRIB
   GPVMTR  = TVVMTR                         ; GRP VMTR
   PPVMTR  = EXP(ETA(3))                    ; BSV VMTR
   VMTR    = GPVMTR * PPVMTR                ; INDIVIDUAL VMTR

   TVKMTR  = THETA(5)                       ; POPULATION CONC @ 50% OF VMTR
   GPKMTR  = TVKMTR                         ; GRP KMTR
   KMTR    = GPKMTR                         ; INDIVIDUAL KMTR

   TVV2    = THETA(6)                       ; POPULATION VOLUME 2
   GPV2    = TVV2                           ; GROUP VOLUME 2 
   PPVV2   = EXP(ETA(4))
   V2      = GPV2 * PPVV2                   ; INDIVIDUAL VOLUME 2

   TVQ2    = THETA(7)                       ; POPULATION INTERCOMPARTMENTAL CLEARANCE 2 
   GPQ2    = TVQ2                           ; GROUP INTERCOMPARTMENTAL CLEARANCE 2 WT
   Q2      = GPQ2                           ; INDIVIDUAL INTERCOMPARTMENTAL CLEARANCE 2

   TVV3    = THETA(8)                       ; POPULATION VOLUME 2
   GPV3    = TVV3                           ; GROUP VOLUME 2 
   V3      = GPV3                           ; INDIVIDUAL VOLUME 2

S1 = V1/1000

$DES

C1=A(1)/V1
C2=A(2)/V2
C3=A(3)/V3
CL=(VMEL/(KMEL+C1))
Q1A=(VMTR/(KMTR+C1)) ;DIST CL FROM CENTRAL TO V2
Q1B=(VMTR/(KMTR+C2)) ;DIST CL FROM V2 TO CENTRAL
DADT(1)=(Q1B*C2)-(Q1A*C1) + Q2*(C3-C1)-(CL*C1)
DADT(2)=(Q1A*C1) - (Q1B*C2)
DADT(3)=Q2*(C1-C3)

     
;------------------------------------------------------------
;----           TIME AFTER DOSE CALCULATION              ----
;------------------------------------------------------------



;------------------------------------------------------------
;----           SECONDARY MODEL PARAMETERS               ----
;------------------------------------------------------------

VSS = V1 + V2 + V3
   
;------------------------------------------------------------
;----               RESIDUAL ERROR MODEL                 ----
;------------------------------------------------------------
$ERROR

IPRE=F
Y    = F + F*EPS(1)
IRES = DV-IPRE
IWRE = IRES/IPRE

;************************************************************
;****           INITIAL PARAMETER ESTIMATES              ****
;************************************************************

$THETA
8070              ; VMEL (UG/H)
40.2              ; KMEL (UG/L) 
5.8              ; CENTRAL VOLUME  (L)
325000            ; VMTR (UG/H)
4260              ; KMTR (UG/L)
650              ; PERIPHERAL VOLUME 2 (L)
41.6              ; DISCTRIBUTION CLEARANCE (L/H)
75.4              ; PERIPHERAL VOLUME 3 (L)

.554             ; ALBUMIN ON VMEL


$OMEGA

.0275            ; [E] BETWEEN SUBJECT VARIABILITY (VMEL)

.197             ; [E] BETWEEN SUBJECT VARIABILITY (V1)

.0689            ; [E] BETWEEN SUBJECT VARIABILITY (VMTR)

.063             ; [E] BETWEEN SUBJECT VARIABILITY (V2)

$SIGMA

.06125           ; [P] PROPORTIONAL RESIDUAL ERROR

;************************************************************
;****        ESTIMATION AND SIMULATION ROUTINES          ****
;************************************************************

$SIM ONLYSIM (4567182)

$TABLE ID TIME DOSE DUR RATE II AMT DV CMT EVID PRED MDV 
IWRE IRES IPRE KMTR KMEL VMTR VMEL V1 V2 Q2 V3 CL Q1A Q1B
ETA1 ETA2 ETA3 ETA4 ALB VSS
NOPRINT ONEHEADER FILE=sdtab
Tue Jan 10 14:20:02 EST 2017
;Model Desc: 3 CMT IV NONLINEAR  
;Project Name: NCAC SIMS
;Author: JK
;QC: BM
;--> I think you'll either need to include a scaling factor or convert to ug for 
;    the dose in your simulation dataset
;--> Not sure if the non-linear equations are right for compartment two - for the 
;    movement of drug from V2 into V1, it looks like C1 is in the denominator. Should 
;    it be C2? Likewise, should C2 be in the demoninator for drug leaving V2? May
;    just have to write the equations out in your differential
; JK Scaling added for V1
; Made 2 distributional clearances (Q1A and Q1B) for drug to and from V1 to V2

$PROB RUN# SIM CHEN

;************************************************************
;****                   DATASET                          ****
;************************************************************
$INPUT C ID TRT TIME TAD DOSE AMT DUR RATE SS II DV MDV EVID CMT ALB

$DATA  NMDATA IGNORE=@ ; NMDATA = ChenJCPRUN1REP1.csv

; C:    Comment (Any row starting with a 'C' will be ignored)
; ID:   NONMEM Subject Identification Number 
; TIME: Actual Time Field
; AMT:  Intravenous Dosage Amount Data Item (mg)
; DV:   Dependent Variable (ug/L)
; EVID: Event Identification (0 = Obs, 1 = Dosing)
; MDV:  Missing Dependent Variable (0 = Value, 1 = Missing)
; ADDL: Additional number of doses given after the first dosing record
; II:   Dosing Interval
; DUR:  Duration of infustion (h)
; RATE: Rate of infusion (mg/h) 0.5 hour infusion (Rate = 2x Dose)
; ALB:  Albumin level (g/dL)


;************************************************************
;****         PHARMACOKINETIC POPULATION MODEL           ****
;************************************************************

$SUBROUTINE ADVAN6 TOL=3

$MODEL NCOMPARTMENTS=3
NPARAMETERS=14
COMP (CENTRAL, DEFDOSE, DEFOBS)
COMP (PERIF1 NOOFF NODOSE)
COMP (PERIF2 NOOFF NODOSE)

$PK

   TVVMEL  = THETA(1)                       ; POPULATION CENTRAL MAX ELIMINATION
   GPVMEL  = TVVMEL * ((ALB/3.9)**THETA(9)) ; GRP VMEL
   PPVMEL  = EXP(ETA(1))                    ; BSV VMEL
   VMEL    = GPVMEL * PPVMEL                ; INDIVIDUAL VMEL

   TVKMEL  = THETA(2)                       ; POPULATION CONC @ 50% OF VMEL
   GPKMEL  = TVKMEL                         ; GRP KMEL
   KMEL    = GPKMEL                         ; INDIVIDUAL KMEL

   TVV1    = THETA(3)                       ; POPULATION CENTRAL VOLUME
   GPV1    = TVV1                           ; GROUP CENTRAL VOLUME WT
   PPVV1   = EXP(ETA(2))
   V1      = GPV1 * PPVV1                   ; INDIVIDUAL CENTRAL VOLUME

   TVVMTR  = THETA(4)                       ; POPULATION INTERCMT MAX DISTRIB
   GPVMTR  = TVVMTR                         ; GRP VMTR
   PPVMTR  = EXP(ETA(3))                    ; BSV VMTR
   VMTR    = GPVMTR * PPVMTR                ; INDIVIDUAL VMTR

   TVKMTR  = THETA(5)                       ; POPULATION CONC @ 50% OF VMTR
   GPKMTR  = TVKMTR                         ; GRP KMTR
   KMTR    = GPKMTR                         ; INDIVIDUAL KMTR

   TVV2    = THETA(6)                       ; POPULATION VOLUME 2
   GPV2    = TVV2                           ; GROUP VOLUME 2 
   PPVV2   = EXP(ETA(4))
   V2      = GPV2 * PPVV2                   ; INDIVIDUAL VOLUME 2

   TVQ2    = THETA(7)                       ; POPULATION INTERCOMPARTMENTAL CLEARANCE 2 
   GPQ2    = TVQ2                           ; GROUP INTERCOMPARTMENTAL CLEARANCE 2 WT
   Q2      = GPQ2                           ; INDIVIDUAL INTERCOMPARTMENTAL CLEARANCE 2

   TVV3    = THETA(8)                       ; POPULATION VOLUME 2
   GPV3    = TVV3                           ; GROUP VOLUME 2 
   V3      = GPV3                           ; INDIVIDUAL VOLUME 2

S1 = V1/1000

$DES

C1=A(1)/V1
C2=A(2)/V2
C3=A(3)/V3
CL=(VMEL/(KMEL+C1))
Q1A=(VMTR/(KMTR+C1)) ;DIST CL FROM CENTRAL TO V2
Q1B=(VMTR/(KMTR+C2)) ;DIST CL FROM V2 TO CENTRAL
DADT(1)=(Q1B*C2)-(Q1A*C1) + Q2*(C3-C1)-(CL*C1)
DADT(2)=(Q1A*C1) - (Q1B*C2)
DADT(3)=Q2*(C1-C3)

     
;------------------------------------------------------------
;----           TIME AFTER DOSE CALCULATION              ----
;------------------------------------------------------------



;------------------------------------------------------------
;----           SECONDARY MODEL PARAMETERS               ----
;------------------------------------------------------------

VSS = V1 + V2 + V3
   
;------------------------------------------------------------
;----               RESIDUAL ERROR MODEL                 ----
;------------------------------------------------------------
$ERROR

IPRE=F
Y    = F + F*EPS(1)
IRES = DV-IPRE
IWRE = IRES/IPRE

;************************************************************
;****           INITIAL PARAMETER ESTIMATES              ****
;************************************************************

$THETA
8070              ; VMEL (UG/H)
40.2              ; KMEL (UG/L) 
5.8              ; CENTRAL VOLUME  (L)
325000            ; VMTR (UG/H)
4260              ; KMTR (UG/L)
650              ; PERIPHERAL VOLUME 2 (L)
41.6              ; DISCTRIBUTION CLEARANCE (L/H)
75.4              ; PERIPHERAL VOLUME 3 (L)

.554             ; ALBUMIN ON VMEL


$OMEGA

.0275            ; [E] BETWEEN SUBJECT VARIABILITY (VMEL)

.197             ; [E] BETWEEN SUBJECT VARIABILITY (V1)

.0689            ; [E] BETWEEN SUBJECT VARIABILITY (VMTR)

.063             ; [E] BETWEEN SUBJECT VARIABILITY (V2)

$SIGMA

.06125           ; [P] PROPORTIONAL RESIDUAL ERROR

;************************************************************
;****        ESTIMATION AND SIMULATION ROUTINES          ****
;************************************************************

$SIM ONLYSIM (4567182)

$TABLE ID TIME DOSE DUR RATE II AMT DV CMT EVID PRED MDV 
IWRE IRES IPRE KMTR KMEL VMTR VMEL V1 V2 Q2 V3 CL Q1A Q1B
ETA1 ETA2 ETA3 ETA4 ALB VSS
NOPRINT ONEHEADER FILE=sdtab


NONLINEAR MIXED EFFECTS MODEL PROGRAM (NONMEM)    DOUBLE PRECISION NONMEM    VERSION VI LEVEL 1.0  
DEVELOPED AND PROGRAMMED BY STUART BEAL AND LEWIS SHEINER

PROBLEM NO.:         1
RUN# SIM CHEN                                                           

DATA CHECKOUT RUN:              NO 
DATA SET LOCATED ON UNIT NO.:    2
THIS UNIT TO BE REWOUND:        NO 
NO. OF DATA RECS IN DATA SET: 1650
NO. OF DATA ITEMS IN DATA SET:  16
ID DATA ITEM IS DATA ITEM NO.:   2
DEP VARIABLE IS DATA ITEM NO.:  12
MDV DATA ITEM IS DATA ITEM NO.: 13

INDICES PASSED TO SUBROUTINE PRED:
14  4  7  9 10 11 15  0  0
 0  0

LABELS FOR DATA ITEMS:
   C      ID     TRT    TIME     TAD    DOSE     AMT     DUR    RATE
  SS      II      DV     MDV    EVID     CMT     ALB

(NONBLANK) LABELS FOR PRED-DEFINED ITEMS:
VMEL    KMEL      V1    VMTR    KMTR      V2      Q2      V3      CL
 Q1A     Q1B     VSS    IPRE    IRES    IWRE

FORMAT FOR DATA:
(E2.0,E4.0,E2.0,2E5.0,4E4.0,6E2.0,E5.0)                                         

TOT. NO. OF OBS RECS:    1500
TOT. NO. OF INDIVIDUALS:  150

LENGTH OF THETA:  9

OMEGA HAS SIMPLE DIAGONAL FORM WITH DIMENSION:  4

SIGMA HAS SIMPLE DIAGONAL FORM WITH DIMENSION:  1

INITIAL ESTIMATE OF THETA:
  0.8070E+04  0.4020E+02  0.1580E+02  0.3250E+06  0.4260E+04  0.1650E+04  0.4160E+02  0.7540E+02  0.5540E+00

INITIAL ESTIMATE OF OMEGA:
0.2750E-01
0.0000E+00   0.1970E+00
0.0000E+00   0.0000E+00   0.6890E-01
0.0000E+00   0.0000E+00   0.0000E+00   0.6300E-01

INITIAL ESTIMATE OF SIGMA:
0.6125E-01

SIMULATION STEP OMITTED:    NO 
OBJ FUNC EVALUATED:         NO 
SOURCE  1:
   SEED1:       4567182   SEED2:             0   PSEUDO-NORMAL       

TABLES STEP OMITTED:    NO 
NO. OF TABLES:           1

-- TABLE  1 --
PRINTED:                NO 
HEADERS:               ONE
FILE TO BE FORWARDED:   NO 

USER-CHOSEN ITEMS 
IN THE ORDER THEY WILL APPEAR IN THE TABLE:
  ID    TIME    DOSE     DUR    RATE      II     AMT      DV     CMT    EVID     MDV    IWRE    IRES    IPRE    KMTR
KMEL    VMTR    VMEL      V1      V2      Q2      V3      CL     Q1A     Q1B    ETA1    ETA2    ETA3    ETA4     ALB
 VSS
DOUBLE PRECISION PREDPP VERSION V LEVEL 1.0  

GENERAL NONLINEAR KINETICS MODEL (ADVAN6)

MODEL SUBROUTINE USER-SUPPLIED - ID NO. 9999

MAXIMUM NO. OF BASIC PK PARAMETERS:  14

COMPARTMENT ATTRIBUTES 
COMPT. NO.   FUNCTION   INITIAL    ON/OFF      DOSE      DEFAULT    DEFAULT
                        STATUS     ALLOWED    ALLOWED    FOR DOSE   FOR OBS.
   1         CENTRAL      ON         YES        YES        YES        YES
   2         PERIF1       ON         NO         NO         NO         NO 
   3         PERIF2       ON         NO         NO         NO         NO 
   4         OUTPUT       OFF        YES        NO         NO         NO 

GENERAL STEADY STATE (SS) ROUTINE IS BEING USED

NRD VALUE FROM SUBROUTINE TOL:   3

ADDITIONAL PK PARAMETERS - ASSIGNMENT OF ROWS IN GG
COMPT. NO.                             INDICES
             SCALE      BIOAVAIL.   ZERO-ORDER  ZERO-ORDER  ABSORB
                        FRACTION    RATE        DURATION    LAG  
   1          15           *           *           *           *
   2           *           -           -           -           -
   3           *           -           -           -           -
   4           *           -           -           -           -
            - PARAMETER IS NOT ALLOWED FOR THIS MODEL
            * PARAMETER IS NOT SUPPLIED BY PK SUBROUTINE;
              WILL DEFAULT TO ONE IF APPLICABLE

DATA ITEM INDICES USED BY PRED ARE:
  EVENT ID DATA ITEM IS DATA ITEM NO.:     14
  TIME DATA ITEM IS DATA ITEM NO.:          4
  DOSE AMOUNT DATA ITEM IS DATA ITEM NO.:   7
  DOSE RATE DATA ITEM IS DATA ITEM NO.:     9
  STEADY STATE DATA ITEM IS DATA ITEM NO.: 10
  INTERVAL DATA ITEM IS DATA ITEM NO.:     11
  COMPT. NO. DATA ITEM IS DATA ITEM NO.:   15


PK SUBROUTINE CALLED WITH EVERY EVENT RECORD.
PK SUBROUTINE NOT CALLED AT NONEVENT (ADDITIONAL OR LAGGED) DOSE TIMES.

ERROR SUBROUTINE CALLED WITH EVERY EVENT RECORD.

DES SUBROUTINE USES COMPACT STORAGE MODE.

SIMULATION STEP PERFORMED
SOURCE  1:
   SEED1:     143658879   SEED2:             0
Tue Jan 10 14:20:03 EST 2017
